[debug] [2023-02-26T09:47:23.306Z] ----------------------------------------------------------------------
[debug] [2023-02-26T09:47:23.309Z] Command:       C:\Program Files\nodejs\node.exe C:\Users\Ahmed\AppData\Roaming\npm\node_modules\firebase-tools\lib\bin\firebase.js deploy
[debug] [2023-02-26T09:47:23.310Z] CLI Version:   11.23.1
[debug] [2023-02-26T09:47:23.310Z] Platform:      win32
[debug] [2023-02-26T09:47:23.310Z] Node Version:  v18.13.0
[debug] [2023-02-26T09:47:23.311Z] Time:          Sun Feb 26 2023 14:47:23 GMT+0500 (Pakistan Standard Time)
[debug] [2023-02-26T09:47:23.311Z] ----------------------------------------------------------------------
[debug] 
[debug] [2023-02-26T09:47:23.316Z] >>> [apiv2][query] GET https://firebase-public.firebaseio.com/cli.json [none]
[debug] [2023-02-26T09:47:23.468Z] > command requires scopes: ["email","openid","https://www.googleapis.com/auth/cloudplatformprojects.readonly","https://www.googleapis.com/auth/firebase","https://www.googleapis.com/auth/cloud-platform"]
[debug] [2023-02-26T09:47:23.468Z] > authorizing via signed-in user (ahmed.eng2709@gmail.com)
[debug] [2023-02-26T09:47:23.469Z] [iam] checking project i-auction-app for permissions ["firebase.projects.get","firebasehosting.sites.update"]
[debug] [2023-02-26T09:47:23.470Z] > refreshing access token with scopes: []
[debug] [2023-02-26T09:47:23.472Z] >>> [apiv2][query] POST https://www.googleapis.com/oauth2/v3/token [none]
[debug] [2023-02-26T09:47:23.472Z] >>> [apiv2][body] POST https://www.googleapis.com/oauth2/v3/token [omitted]
[warn] !  Unable to fetch the CLI MOTD and remote config. 
[debug] [2023-02-26T09:47:23.515Z] Failed to fetch MOTD FirebaseError: Failed to make request to https://firebase-public.firebaseio.com/cli.json
[debug] [2023-02-26T09:47:23.516Z] [iam] error while checking permissions, command may fail: FirebaseError: Authentication Error: Your credentials are no longer valid. Please run firebase login --reauth

For CI servers and headless environments, generate a new token with firebase login:ci
[debug] [2023-02-26T09:47:23.517Z] > refreshing access token with scopes: []
[debug] [2023-02-26T09:47:23.517Z] >>> [apiv2][query] POST https://www.googleapis.com/oauth2/v3/token [none]
[debug] [2023-02-26T09:47:23.518Z] >>> [apiv2][body] POST https://www.googleapis.com/oauth2/v3/token [omitted]
[debug] [2023-02-26T09:47:23.540Z] Authentication Error: Your credentials are no longer valid. Please run firebase login --reauth

For CI servers and headless environments, generate a new token with firebase login:ci
[debug] [2023-02-26T09:47:23.550Z] FirebaseError: Authentication Error: Your credentials are no longer valid. Please run firebase login --reauth

For CI servers and headless environments, generate a new token with firebase login:ci
    at invalidCredentialError (C:\Users\Ahmed\AppData\Roaming\npm\node_modules\firebase-tools\lib\auth.js:144:12)
    at refreshTokens (C:\Users\Ahmed\AppData\Roaming\npm\node_modules\firebase-tools\lib\auth.js:508:15)
    at process.processTicksAndRejections (node:internal/process/task_queues:95:5)
    at async Client.getAccessToken (C:\Users\Ahmed\AppData\Roaming\npm\node_modules\firebase-tools\lib\apiv2.js:149:23)
    at async Client.addAuthHeader (C:\Users\Ahmed\AppData\Roaming\npm\node_modules\firebase-tools\lib\apiv2.js:140:21)
    at async Client.request (C:\Users\Ahmed\AppData\Roaming\npm\node_modules\firebase-tools\lib\apiv2.js:96:34)
    at async getFirebaseProject (C:\Users\Ahmed\AppData\Roaming\npm\node_modules\firebase-tools\lib\management\projects.js:295:21)
    at async getDefaultHostingSite (C:\Users\Ahmed\AppData\Roaming\npm\node_modules\firebase-tools\lib\getDefaultHostingSite.js:10:21)
    at async requireHostingSite (C:\Users\Ahmed\AppData\Roaming\npm\node_modules\firebase-tools\lib\requireHostingSite.js:9:18)
    at async Object.fn (C:\Users\Ahmed\AppData\Roaming\npm\node_modules\firebase-tools\lib\commands\deploy.js:74:9)
    at async C:\Users\Ahmed\AppData\Roaming\npm\node_modules\firebase-tools\lib\command.js:214:17
[error] 
[error] Error: Failed to get Firebase project i-auction-app. Please make sure the project exists and your account has permission to access it.
[debug] [2023-02-26T09:47:47.378Z] ----------------------------------------------------------------------
[debug] [2023-02-26T09:47:47.381Z] Command:       C:\Program Files\nodejs\node.exe C:\Users\Ahmed\AppData\Roaming\npm\node_modules\firebase-tools\lib\bin\firebase.js deploy
[debug] [2023-02-26T09:47:47.381Z] CLI Version:   11.23.1
[debug] [2023-02-26T09:47:47.382Z] Platform:      win32
[debug] [2023-02-26T09:47:47.382Z] Node Version:  v18.13.0
[debug] [2023-02-26T09:47:47.383Z] Time:          Sun Feb 26 2023 14:47:47 GMT+0500 (Pakistan Standard Time)
[debug] [2023-02-26T09:47:47.384Z] ----------------------------------------------------------------------
[debug] 
[debug] [2023-02-26T09:47:47.388Z] >>> [apiv2][query] GET https://firebase-public.firebaseio.com/cli.json [none]
[debug] [2023-02-26T09:47:47.519Z] > command requires scopes: ["email","openid","https://www.googleapis.com/auth/cloudplatformprojects.readonly","https://www.googleapis.com/auth/firebase","https://www.googleapis.com/auth/cloud-platform"]
[debug] [2023-02-26T09:47:47.519Z] > authorizing via signed-in user (ahmed.eng2709@gmail.com)
[debug] [2023-02-26T09:47:47.519Z] [iam] checking project i-auction-app for permissions ["firebase.projects.get","firebasehosting.sites.update"]
[debug] [2023-02-26T09:47:47.520Z] > refreshing access token with scopes: []
[debug] [2023-02-26T09:47:47.522Z] >>> [apiv2][query] POST https://www.googleapis.com/oauth2/v3/token [none]
[debug] [2023-02-26T09:47:47.522Z] >>> [apiv2][body] POST https://www.googleapis.com/oauth2/v3/token [omitted]
[warn] !  Unable to fetch the CLI MOTD and remote config. 
[debug] [2023-02-26T09:47:47.557Z] Failed to fetch MOTD FirebaseError: Failed to make request to https://firebase-public.firebaseio.com/cli.json
[debug] [2023-02-26T09:47:47.559Z] [iam] error while checking permissions, command may fail: FirebaseError: Authentication Error: Your credentials are no longer valid. Please run firebase login --reauth

For CI servers and headless environments, generate a new token with firebase login:ci
[debug] [2023-02-26T09:47:47.560Z] > refreshing access token with scopes: []
[debug] [2023-02-26T09:47:47.560Z] >>> [apiv2][query] POST https://www.googleapis.com/oauth2/v3/token [none]
[debug] [2023-02-26T09:47:47.561Z] >>> [apiv2][body] POST https://www.googleapis.com/oauth2/v3/token [omitted]
[debug] [2023-02-26T09:47:47.584Z] Authentication Error: Your credentials are no longer valid. Please run firebase login --reauth

For CI servers and headless environments, generate a new token with firebase login:ci
[debug] [2023-02-26T09:47:47.594Z] FirebaseError: Authentication Error: Your credentials are no longer valid. Please run firebase login --reauth

For CI servers and headless environments, generate a new token with firebase login:ci
    at invalidCredentialError (C:\Users\Ahmed\AppData\Roaming\npm\node_modules\firebase-tools\lib\auth.js:144:12)
    at refreshTokens (C:\Users\Ahmed\AppData\Roaming\npm\node_modules\firebase-tools\lib\auth.js:508:15)
    at process.processTicksAndRejections (node:internal/process/task_queues:95:5)
    at async Client.getAccessToken (C:\Users\Ahmed\AppData\Roaming\npm\node_modules\firebase-tools\lib\apiv2.js:149:23)
    at async Client.addAuthHeader (C:\Users\Ahmed\AppData\Roaming\npm\node_modules\firebase-tools\lib\apiv2.js:140:21)
    at async Client.request (C:\Users\Ahmed\AppData\Roaming\npm\node_modules\firebase-tools\lib\apiv2.js:96:34)
    at async getFirebaseProject (C:\Users\Ahmed\AppData\Roaming\npm\node_modules\firebase-tools\lib\management\projects.js:295:21)
    at async getDefaultHostingSite (C:\Users\Ahmed\AppData\Roaming\npm\node_modules\firebase-tools\lib\getDefaultHostingSite.js:10:21)
    at async requireHostingSite (C:\Users\Ahmed\AppData\Roaming\npm\node_modules\firebase-tools\lib\requireHostingSite.js:9:18)
    at async Object.fn (C:\Users\Ahmed\AppData\Roaming\npm\node_modules\firebase-tools\lib\commands\deploy.js:74:9)
    at async C:\Users\Ahmed\AppData\Roaming\npm\node_modules\firebase-tools\lib\command.js:214:17
[error] 
[error] Error: Failed to get Firebase project i-auction-app. Please make sure the project exists and your account has permission to access it.
[debug] [2023-02-26T09:48:36.097Z] ----------------------------------------------------------------------
[debug] [2023-02-26T09:48:36.100Z] Command:       C:\Program Files\nodejs\node.exe C:\Users\Ahmed\AppData\Roaming\npm\node_modules\firebase-tools\lib\bin\firebase.js deploy
[debug] [2023-02-26T09:48:36.101Z] CLI Version:   11.23.1
[debug] [2023-02-26T09:48:36.101Z] Platform:      win32
[debug] [2023-02-26T09:48:36.101Z] Node Version:  v18.13.0
[debug] [2023-02-26T09:48:36.103Z] Time:          Sun Feb 26 2023 14:48:36 GMT+0500 (Pakistan Standard Time)
[debug] [2023-02-26T09:48:36.104Z] ----------------------------------------------------------------------
[debug] 
[debug] [2023-02-26T09:48:36.109Z] >>> [apiv2][query] GET https://firebase-public.firebaseio.com/cli.json [none]
[debug] [2023-02-26T09:48:36.277Z] > command requires scopes: ["email","openid","https://www.googleapis.com/auth/cloudplatformprojects.readonly","https://www.googleapis.com/auth/firebase","https://www.googleapis.com/auth/cloud-platform"]
[debug] [2023-02-26T09:48:36.277Z] > authorizing via signed-in user (ahmed.eng2709@gmail.com)
[debug] [2023-02-26T09:48:36.277Z] [iam] checking project i-auction-app for permissions ["firebase.projects.get","firebasehosting.sites.update"]
[debug] [2023-02-26T09:48:36.279Z] > refreshing access token with scopes: []
[debug] [2023-02-26T09:48:36.280Z] >>> [apiv2][query] POST https://www.googleapis.com/oauth2/v3/token [none]
[debug] [2023-02-26T09:48:36.280Z] >>> [apiv2][body] POST https://www.googleapis.com/oauth2/v3/token [omitted]
[debug] [2023-02-26T09:48:47.334Z] <<< [apiv2][status] POST https://www.googleapis.com/oauth2/v3/token 200
[debug] [2023-02-26T09:48:47.334Z] <<< [apiv2][body] POST https://www.googleapis.com/oauth2/v3/token [omitted]
[debug] [2023-02-26T09:48:47.351Z] >>> [apiv2][query] POST https://cloudresourcemanager.googleapis.com/v1/projects/i-auction-app:testIamPermissions [none]
[debug] [2023-02-26T09:48:47.352Z] >>> [apiv2][(partial)header] POST https://cloudresourcemanager.googleapis.com/v1/projects/i-auction-app:testIamPermissions x-goog-quota-user=projects/i-auction-app
[debug] [2023-02-26T09:48:47.352Z] >>> [apiv2][body] POST https://cloudresourcemanager.googleapis.com/v1/projects/i-auction-app:testIamPermissions {"permissions":["firebase.projects.get","firebasehosting.sites.update"]}
[debug] [2023-02-26T09:49:05.230Z] <<< [apiv2][status] GET https://firebase-public.firebaseio.com/cli.json 200
[debug] [2023-02-26T09:49:05.231Z] <<< [apiv2][body] GET https://firebase-public.firebaseio.com/cli.json {"cloudBuildErrorAfter":1594252800000,"cloudBuildWarnAfter":1590019200000,"defaultNode10After":1594252800000,"minVersion":"3.0.5","node8DeploysDisabledAfter":1613390400000,"node8RuntimeDisabledAfter":1615809600000,"node8WarnAfter":1600128000000}
[debug] [2023-02-26T09:49:13.790Z] [iam] error while checking permissions, command may fail: FirebaseError: Failed to make request to https://cloudresourcemanager.googleapis.com/v1/projects/i-auction-app:testIamPermissions
[debug] [2023-02-26T09:49:13.792Z] >>> [apiv2][query] GET https://firebase.googleapis.com/v1beta1/projects/i-auction-app [none]
[debug] [2023-02-26T09:49:43.800Z] Timeout reached making request to https://firebase.googleapis.com/v1beta1/projects/i-auction-app
[debug] [2023-02-26T09:49:43.807Z] FirebaseError: Timeout reached making request to https://firebase.googleapis.com/v1beta1/projects/i-auction-app
    at RetryOperation._fn (C:\Users\Ahmed\AppData\Roaming\npm\node_modules\firebase-tools\lib\apiv2.js:238:35)
    at process.processTicksAndRejections (node:internal/process/task_queues:95:5)
[error] 
[error] Error: Failed to get Firebase project i-auction-app. Please make sure the project exists and your account has permission to access it.
